03-10 22:26:29 com_github_MitjaNemec_Archive3DModels.action_archive_3d_models 238:Plugin executed on: 'win32'
03-10 22:26:29 com_github_MitjaNemec_Archive3DModels.action_archive_3d_models 239:Plugin executed with python version: '3.11.5 (main, Nov  6 2025, 07:48:09) [MSC v.1944 64 bit (AMD64)]'
03-10 22:26:29 com_github_MitjaNemec_Archive3DModels.action_archive_3d_models 240:KiCad build version: 9.0.7
03-10 22:26:29 com_github_MitjaNemec_Archive3DModels.action_archive_3d_models 241:Plugin version: 1.0.15
03-10 22:26:29 com_github_MitjaNemec_Archive3DModels.action_archive_3d_models 246:Screen sizes: [wx.Size(1920, 1200), wx.Size(3840, 2160)]
03-10 22:26:29 com_github_MitjaNemec_Archive3DModels.action_archive_3d_models 253:Dialog size: wx.Size(213, 81)
03-10 22:26:29 com_github_MitjaNemec_Archive3DModels.action_archive_3d_models 255:Char size: 25
03-10 22:26:32 com_github_MitjaNemec_Archive3DModels.archive_3d_models 30:Starting to archive 3D models
03-10 22:26:32 com_github_MitjaNemec_Archive3DModels.archive_3d_models 51:Getting 3D models for footprint of: U1
03-10 22:26:32 com_github_MitjaNemec_Archive3DModels.archive_3d_models 63:Trying to copy: ${KIPRJMOD}/packages3D/PC817_DIP.step
03-10 22:26:32 com_github_MitjaNemec_Archive3DModels.archive_3d_models 150:Remapping: ${KIPRJMOD}/packages3D/PC817_DIP.step
03-10 22:26:32 com_github_MitjaNemec_Archive3DModels.archive_3d_models 51:Getting 3D models for footprint of: J2
03-10 22:26:32 com_github_MitjaNemec_Archive3DModels.archive_3d_models 63:Trying to copy: ${KIPRJMOD}/packages3D/DG306-5.0-03P-12-00AH.STEP
03-10 22:26:32 com_github_MitjaNemec_Archive3DModels.archive_3d_models 150:Remapping: ${KIPRJMOD}/packages3D/DG306-5.0-03P-12-00AH.STEP
03-10 22:26:32 com_github_MitjaNemec_Archive3DModels.archive_3d_models 51:Getting 3D models for footprint of: REF**
03-10 22:26:32 com_github_MitjaNemec_Archive3DModels.archive_3d_models 51:Getting 3D models for footprint of: J1
03-10 22:26:32 com_github_MitjaNemec_Archive3DModels.archive_3d_models 63:Trying to copy: ${KIPRJMOD}/packages3D/DG306-5.0-03P-12-00AH.STEP
03-10 22:26:32 com_github_MitjaNemec_Archive3DModels.archive_3d_models 150:Remapping: ${KIPRJMOD}/packages3D/DG306-5.0-03P-12-00AH.STEP
03-10 22:26:32 com_github_MitjaNemec_Archive3DModels.archive_3d_models 51:Getting 3D models for footprint of: R2
03-10 22:26:32 com_github_MitjaNemec_Archive3DModels.archive_3d_models 63:Trying to copy: ${KIPRJMOD}/packages3D/Resistor Axial 0.5W - Pitch 12.7mm (500mil) - Value 10K.STEP
03-10 22:26:32 com_github_MitjaNemec_Archive3DModels.archive_3d_models 150:Remapping: ${KIPRJMOD}/packages3D/Resistor Axial 0.5W - Pitch 12.7mm (500mil) - Value 10K.STEP
03-10 22:26:32 com_github_MitjaNemec_Archive3DModels.archive_3d_models 51:Getting 3D models for footprint of: R4
03-10 22:26:32 com_github_MitjaNemec_Archive3DModels.archive_3d_models 63:Trying to copy: ${KIPRJMOD}/packages3D/Resistor Axial 0.5W - Pitch 12.7mm (500mil) - Value 470R.STEP
03-10 22:26:32 com_github_MitjaNemec_Archive3DModels.archive_3d_models 150:Remapping: ${KIPRJMOD}/packages3D/Resistor Axial 0.5W - Pitch 12.7mm (500mil) - Value 470R.STEP
03-10 22:26:32 com_github_MitjaNemec_Archive3DModels.archive_3d_models 51:Getting 3D models for footprint of: G***
03-10 22:26:32 com_github_MitjaNemec_Archive3DModels.archive_3d_models 51:Getting 3D models for footprint of: G***
03-10 22:26:32 com_github_MitjaNemec_Archive3DModels.archive_3d_models 51:Getting 3D models for footprint of: G***
03-10 22:26:32 com_github_MitjaNemec_Archive3DModels.archive_3d_models 51:Getting 3D models for footprint of: G***
03-10 22:26:32 com_github_MitjaNemec_Archive3DModels.archive_3d_models 51:Getting 3D models for footprint of: REF**
03-10 22:26:32 com_github_MitjaNemec_Archive3DModels.archive_3d_models 51:Getting 3D models for footprint of: L1
03-10 22:26:32 com_github_MitjaNemec_Archive3DModels.archive_3d_models 63:Trying to copy: ${KIPRJMOD}/packages3D/LED 5mm Blue.step
03-10 22:26:32 com_github_MitjaNemec_Archive3DModels.archive_3d_models 150:Remapping: ${KIPRJMOD}/packages3D/LED 5mm Blue.step
03-10 22:26:32 com_github_MitjaNemec_Archive3DModels.archive_3d_models 51:Getting 3D models for footprint of: G***
03-10 22:26:32 com_github_MitjaNemec_Archive3DModels.archive_3d_models 51:Getting 3D models for footprint of: REF**
03-10 22:26:32 com_github_MitjaNemec_Archive3DModels.archive_3d_models 51:Getting 3D models for footprint of: K1
03-10 22:26:32 com_github_MitjaNemec_Archive3DModels.archive_3d_models 63:Trying to copy: ${KIPRJMOD}/packages3D/RELÉ AY1RC2 12VDC 15A.STEP
03-10 22:26:32 com_github_MitjaNemec_Archive3DModels.archive_3d_models 150:Remapping: ${KIPRJMOD}/packages3D/RELÉ AY1RC2 12VDC 15A.STEP
03-10 22:26:32 com_github_MitjaNemec_Archive3DModels.archive_3d_models 51:Getting 3D models for footprint of: D1
03-10 22:26:32 com_github_MitjaNemec_Archive3DModels.archive_3d_models 63:Trying to copy: ${KIPRJMOD}/packages3D/Diodo 1N4007.STEP
03-10 22:26:32 com_github_MitjaNemec_Archive3DModels.archive_3d_models 150:Remapping: ${KIPRJMOD}/packages3D/Diodo 1N4007.STEP
03-10 22:26:32 com_github_MitjaNemec_Archive3DModels.archive_3d_models 51:Getting 3D models for footprint of: R3
03-10 22:26:32 com_github_MitjaNemec_Archive3DModels.archive_3d_models 63:Trying to copy: ${KIPRJMOD}/packages3D/Resistor Axial 0.5W - Pitch 12.7mm (500mil) - Value 4K7.STEP
03-10 22:26:32 com_github_MitjaNemec_Archive3DModels.archive_3d_models 150:Remapping: ${KIPRJMOD}/packages3D/Resistor Axial 0.5W - Pitch 12.7mm (500mil) - Value 4K7.STEP
03-10 22:26:32 com_github_MitjaNemec_Archive3DModels.archive_3d_models 51:Getting 3D models for footprint of: REF**
03-10 22:26:32 com_github_MitjaNemec_Archive3DModels.archive_3d_models 51:Getting 3D models for footprint of: G***
03-10 22:26:32 com_github_MitjaNemec_Archive3DModels.archive_3d_models 51:Getting 3D models for footprint of: Q1
03-10 22:26:32 com_github_MitjaNemec_Archive3DModels.archive_3d_models 63:Trying to copy: ${KIPRJMOD}/packages3D/Transistor BC548.STEP
03-10 22:26:32 com_github_MitjaNemec_Archive3DModels.archive_3d_models 150:Remapping: ${KIPRJMOD}/packages3D/Transistor BC548.STEP
03-10 22:26:32 com_github_MitjaNemec_Archive3DModels.archive_3d_models 51:Getting 3D models for footprint of: R1
03-10 22:26:32 com_github_MitjaNemec_Archive3DModels.archive_3d_models 63:Trying to copy: ${KIPRJMOD}/packages3D/Resistor Axial 0.5W - Pitch 12.7mm (500mil) - Value 220R.STEP
03-10 22:26:32 com_github_MitjaNemec_Archive3DModels.archive_3d_models 150:Remapping: ${KIPRJMOD}/packages3D/Resistor Axial 0.5W - Pitch 12.7mm (500mil) - Value 220R.STEP
